<?xml version="1.0" encoding="UTF-8"?>
<testsuite xmlns:xsi="http://www.w3.org/2001/XMLSchema-instance" xsi:noNamespaceSchemaLocation="https://maven.apache.org/surefire/maven-surefire-plugin/xsd/surefire-test-report.xsd" name="com.coupon.restservice.client.meli.MeliProviderImplTest" time="0.021" tests="1" errors="0" skipped="0" failures="0">
  <properties>
[...]
</properties>
  <testcase name="withGetInfoItems_shouldReturnItemListFromMeli" classname="com.coupon.restservice.client.meli.MeliProviderImplTest" time="0.021"/>
</testsuite>